{
  error: Error: listen EADDRINUSE: address already in use :::8080
      at Server.setupListenHandle [as _listen2] (node:net:1872:16)
      at listenInCluster (node:net:1920:12)
      at Server.listen (node:net:2008:7)
      at Function.listen (/Users/adrianfalcusan/Projects/AF-Works/music-platform-backend/node_modules/express/lib/application.js:635:24)
      at Object.<anonymous> (/Users/adrianfalcusan/Projects/AF-Works/music-platform-backend/index.js:131:5)
      at Module._compile (node:internal/modules/cjs/loader:1375:14)
      at Module._extensions..js (node:internal/modules/cjs/loader:1434:10)
      at Module.load (node:internal/modules/cjs/loader:1206:32)
      at Module._load (node:internal/modules/cjs/loader:1022:12)
      at Function.executeUserEntryPoint [as runMain] (node:internal/modules/run_main:142:12) {
    code: 'EADDRINUSE',
    errno: -48,
    syscall: 'listen',
    address: '::',
    port: 8080
  },
  level: 'error',
  message: 'uncaughtException: listen EADDRINUSE: address already in use :::8080\n' +
    'Error: listen EADDRINUSE: address already in use :::8080\n' +
    '    at Server.setupListenHandle [as _listen2] (node:net:1872:16)\n' +
    '    at listenInCluster (node:net:1920:12)\n' +
    '    at Server.listen (node:net:2008:7)\n' +
    '    at Function.listen (/Users/adrianfalcusan/Projects/AF-Works/music-platform-backend/node_modules/express/lib/application.js:635:24)\n' +
    '    at Object.<anonymous> (/Users/adrianfalcusan/Projects/AF-Works/music-platform-backend/index.js:131:5)\n' +
    '    at Module._compile (node:internal/modules/cjs/loader:1375:14)\n' +
    '    at Module._extensions..js (node:internal/modules/cjs/loader:1434:10)\n' +
    '    at Module.load (node:internal/modules/cjs/loader:1206:32)\n' +
    '    at Module._load (node:internal/modules/cjs/loader:1022:12)\n' +
    '    at Function.executeUserEntryPoint [as runMain] (node:internal/modules/run_main:142:12)',
  stack: 'Error: listen EADDRINUSE: address already in use :::8080\n' +
    '    at Server.setupListenHandle [as _listen2] (node:net:1872:16)\n' +
    '    at listenInCluster (node:net:1920:12)\n' +
    '    at Server.listen (node:net:2008:7)\n' +
    '    at Function.listen (/Users/adrianfalcusan/Projects/AF-Works/music-platform-backend/node_modules/express/lib/application.js:635:24)\n' +
    '    at Object.<anonymous> (/Users/adrianfalcusan/Projects/AF-Works/music-platform-backend/index.js:131:5)\n' +
    '    at Module._compile (node:internal/modules/cjs/loader:1375:14)\n' +
    '    at Module._extensions..js (node:internal/modules/cjs/loader:1434:10)\n' +
    '    at Module.load (node:internal/modules/cjs/loader:1206:32)\n' +
    '    at Module._load (node:internal/modules/cjs/loader:1022:12)\n' +
    '    at Function.executeUserEntryPoint [as runMain] (node:internal/modules/run_main:142:12)',
  exception: true,
  date: 'Mon Sep 22 2025 22:18:58 GMT+0300 (Eastern European Summer Time)',
  process: {
    pid: 50624,
    uid: 501,
    gid: 20,
    cwd: '/Users/adrianfalcusan/Projects/AF-Works/music-platform-backend',
    execPath: '/Users/adrianfalcusan/.nvm/versions/node/v21.5.0/bin/node',
    version: 'v21.5.0',
    argv: [
      '/Users/adrianfalcusan/.nvm/versions/node/v21.5.0/bin/node',
      '/Users/adrianfalcusan/Projects/AF-Works/music-platform-backend/index.js'
    ],
    memoryUsage: {
      rss: 106971136,
      heapTotal: 61472768,
      heapUsed: 39222520,
      external: 22182775,
      arrayBuffers: 18318449
    }
  },
  os: {
    loadavg: [ 27.3896484375, 19.44189453125, 12.86376953125 ],
    uptime: 16166530
  },
  trace: [
    {
      column: 16,
      file: 'node:net',
      function: 'Server.setupListenHandle [as _listen2]',
      line: 1872,
      method: 'setupListenHandle [as _listen2]',
      native: false
    },
    {
      column: 12,
      file: 'node:net',
      function: 'listenInCluster',
      line: 1920,
      method: null,
      native: false
    },
    {
      column: 7,
      file: 'node:net',
      function: 'Server.listen',
      line: 2008,
      method: 'listen',
      native: false
    },
    {
      column: 24,
      file: '/Users/adrianfalcusan/Projects/AF-Works/music-platform-backend/node_modules/express/lib/application.js',
      function: 'Function.listen',
      line: 635,
      method: 'listen',
      native: false
    },
    {
      column: 5,
      file: '/Users/adrianfalcusan/Projects/AF-Works/music-platform-backend/index.js',
      function: null,
      line: 131,
      method: null,
      native: false
    },
    {
      column: 14,
      file: 'node:internal/modules/cjs/loader',
      function: 'Module._compile',
      line: 1375,
      method: '_compile',
      native: false
    },
    {
      column: 10,
      file: 'node:internal/modules/cjs/loader',
      function: 'Module._extensions..js',
      line: 1434,
      method: '.js',
      native: false
    },
    {
      column: 32,
      file: 'node:internal/modules/cjs/loader',
      function: 'Module.load',
      line: 1206,
      method: 'load',
      native: false
    },
    {
      column: 12,
      file: 'node:internal/modules/cjs/loader',
      function: 'Module._load',
      line: 1022,
      method: '_load',
      native: false
    },
    {
      column: 12,
      file: 'node:internal/modules/run_main',
      function: 'Function.executeUserEntryPoint [as runMain]',
      line: 142,
      method: 'executeUserEntryPoint [as runMain]',
      native: false
    }
  ],
  timestamp: '2025-09-22 22:18:58'
}
{
  error: {
    message: 'Unexpected token \\ in JSON at position 1',
    stack: 'SyntaxError: Unexpected token \\ in JSON at position 1\n' +
      '    at JSON.parse (<anonymous>)\n' +
      '    at parse (/Users/adrianfalcusan/Projects/AF-Works/music-platform-backend/node_modules/body-parser/lib/types/json.js:92:19)\n' +
      '    at /Users/adrianfalcusan/Projects/AF-Works/music-platform-backend/node_modules/body-parser/lib/read.js:128:18\n' +
      '    at AsyncResource.runInAsyncScope (node:async_hooks:201:9)\n' +
      '    at invokeCallback (/Users/adrianfalcusan/Projects/AF-Works/music-platform-backend/node_modules/raw-body/index.js:238:16)\n' +
      '    at done (/Users/adrianfalcusan/Projects/AF-Works/music-platform-backend/node_modules/raw-body/index.js:227:7)\n' +
      '    at IncomingMessage.onEnd (/Users/adrianfalcusan/Projects/AF-Works/music-platform-backend/node_modules/raw-body/index.js:287:7)\n' +
      '    at IncomingMessage.emit (node:events:532:35)\n' +
      '    at endReadableNT (node:internal/streams/readable:1346:12)\n' +
      '    at processTicksAndRejections (node:internal/process/task_queues:83:21)',
    name: 'SyntaxError'
  },
  request: {
    method: 'POST',
    url: '/api/auth/login',
    ip: '::ffff:127.0.0.1',
    userAgent: 'curl/7.84.0',
    userId: undefined,
    body: {}
  },
  statusCode: 400,
  level: 'error',
  message: 'Application Error',
  timestamp: '2025-09-22 22:27:28'
}
{
  error: Error: listen EADDRINUSE: address already in use :::8080
      at Server.setupListenHandle [as _listen2] (node:net:1872:16)
      at listenInCluster (node:net:1920:12)
      at Server.listen (node:net:2008:7)
      at Function.listen (/Users/adrianfalcusan/Projects/AF-Works/music-platform-backend/node_modules/express/lib/application.js:635:24)
      at Object.<anonymous> (/Users/adrianfalcusan/Projects/AF-Works/music-platform-backend/index.js:131:5)
      at Module._compile (node:internal/modules/cjs/loader:1375:14)
      at Module._extensions..js (node:internal/modules/cjs/loader:1434:10)
      at Module.load (node:internal/modules/cjs/loader:1206:32)
      at Module._load (node:internal/modules/cjs/loader:1022:12)
      at Function.executeUserEntryPoint [as runMain] (node:internal/modules/run_main:142:12) {
    code: 'EADDRINUSE',
    errno: -48,
    syscall: 'listen',
    address: '::',
    port: 8080
  },
  level: 'error',
  message: 'uncaughtException: listen EADDRINUSE: address already in use :::8080\n' +
    'Error: listen EADDRINUSE: address already in use :::8080\n' +
    '    at Server.setupListenHandle [as _listen2] (node:net:1872:16)\n' +
    '    at listenInCluster (node:net:1920:12)\n' +
    '    at Server.listen (node:net:2008:7)\n' +
    '    at Function.listen (/Users/adrianfalcusan/Projects/AF-Works/music-platform-backend/node_modules/express/lib/application.js:635:24)\n' +
    '    at Object.<anonymous> (/Users/adrianfalcusan/Projects/AF-Works/music-platform-backend/index.js:131:5)\n' +
    '    at Module._compile (node:internal/modules/cjs/loader:1375:14)\n' +
    '    at Module._extensions..js (node:internal/modules/cjs/loader:1434:10)\n' +
    '    at Module.load (node:internal/modules/cjs/loader:1206:32)\n' +
    '    at Module._load (node:internal/modules/cjs/loader:1022:12)\n' +
    '    at Function.executeUserEntryPoint [as runMain] (node:internal/modules/run_main:142:12)',
  stack: 'Error: listen EADDRINUSE: address already in use :::8080\n' +
    '    at Server.setupListenHandle [as _listen2] (node:net:1872:16)\n' +
    '    at listenInCluster (node:net:1920:12)\n' +
    '    at Server.listen (node:net:2008:7)\n' +
    '    at Function.listen (/Users/adrianfalcusan/Projects/AF-Works/music-platform-backend/node_modules/express/lib/application.js:635:24)\n' +
    '    at Object.<anonymous> (/Users/adrianfalcusan/Projects/AF-Works/music-platform-backend/index.js:131:5)\n' +
    '    at Module._compile (node:internal/modules/cjs/loader:1375:14)\n' +
    '    at Module._extensions..js (node:internal/modules/cjs/loader:1434:10)\n' +
    '    at Module.load (node:internal/modules/cjs/loader:1206:32)\n' +
    '    at Module._load (node:internal/modules/cjs/loader:1022:12)\n' +
    '    at Function.executeUserEntryPoint [as runMain] (node:internal/modules/run_main:142:12)',
  exception: true,
  date: 'Mon Sep 22 2025 22:46:01 GMT+0300 (Eastern European Summer Time)',
  process: {
    pid: 52003,
    uid: 501,
    gid: 20,
    cwd: '/Users/adrianfalcusan/Projects/AF-Works/music-platform-backend',
    execPath: '/Users/adrianfalcusan/.nvm/versions/node/v21.5.0/bin/node',
    version: 'v21.5.0',
    argv: [
      '/Users/adrianfalcusan/.nvm/versions/node/v21.5.0/bin/node',
      '/Users/adrianfalcusan/Projects/AF-Works/music-platform-backend/index.js'
    ],
    memoryUsage: {
      rss: 107200512,
      heapTotal: 61472768,
      heapUsed: 39156616,
      external: 22182775,
      arrayBuffers: 18318449
    }
  },
  os: {
    loadavg: [ 2.99951171875, 4.35107421875, 5.7490234375 ],
    uptime: 16168153
  },
  trace: [
    {
      column: 16,
      file: 'node:net',
      function: 'Server.setupListenHandle [as _listen2]',
      line: 1872,
      method: 'setupListenHandle [as _listen2]',
      native: false
    },
    {
      column: 12,
      file: 'node:net',
      function: 'listenInCluster',
      line: 1920,
      method: null,
      native: false
    },
    {
      column: 7,
      file: 'node:net',
      function: 'Server.listen',
      line: 2008,
      method: 'listen',
      native: false
    },
    {
      column: 24,
      file: '/Users/adrianfalcusan/Projects/AF-Works/music-platform-backend/node_modules/express/lib/application.js',
      function: 'Function.listen',
      line: 635,
      method: 'listen',
      native: false
    },
    {
      column: 5,
      file: '/Users/adrianfalcusan/Projects/AF-Works/music-platform-backend/index.js',
      function: null,
      line: 131,
      method: null,
      native: false
    },
    {
      column: 14,
      file: 'node:internal/modules/cjs/loader',
      function: 'Module._compile',
      line: 1375,
      method: '_compile',
      native: false
    },
    {
      column: 10,
      file: 'node:internal/modules/cjs/loader',
      function: 'Module._extensions..js',
      line: 1434,
      method: '.js',
      native: false
    },
    {
      column: 32,
      file: 'node:internal/modules/cjs/loader',
      function: 'Module.load',
      line: 1206,
      method: 'load',
      native: false
    },
    {
      column: 12,
      file: 'node:internal/modules/cjs/loader',
      function: 'Module._load',
      line: 1022,
      method: '_load',
      native: false
    },
    {
      column: 12,
      file: 'node:internal/modules/run_main',
      function: 'Function.executeUserEntryPoint [as runMain]',
      line: 142,
      method: 'executeUserEntryPoint [as runMain]',
      native: false
    }
  ],
  timestamp: '2025-09-22 22:46:01'
}
{
  error: Error: listen EADDRINUSE: address already in use :::8080
      at Server.setupListenHandle [as _listen2] (node:net:1872:16)
      at listenInCluster (node:net:1920:12)
      at Server.listen (node:net:2008:7)
      at Function.listen (/Users/adrianfalcusan/Projects/AF-Works/music-platform-backend/node_modules/express/lib/application.js:635:24)
      at Object.<anonymous> (/Users/adrianfalcusan/Projects/AF-Works/music-platform-backend/index.js:133:5)
      at Module._compile (node:internal/modules/cjs/loader:1375:14)
      at Module._extensions..js (node:internal/modules/cjs/loader:1434:10)
      at Module.load (node:internal/modules/cjs/loader:1206:32)
      at Module._load (node:internal/modules/cjs/loader:1022:12)
      at Function.executeUserEntryPoint [as runMain] (node:internal/modules/run_main:142:12) {
    code: 'EADDRINUSE',
    errno: -48,
    syscall: 'listen',
    address: '::',
    port: 8080
  },
  level: 'error',
  message: 'uncaughtException: listen EADDRINUSE: address already in use :::8080\n' +
    'Error: listen EADDRINUSE: address already in use :::8080\n' +
    '    at Server.setupListenHandle [as _listen2] (node:net:1872:16)\n' +
    '    at listenInCluster (node:net:1920:12)\n' +
    '    at Server.listen (node:net:2008:7)\n' +
    '    at Function.listen (/Users/adrianfalcusan/Projects/AF-Works/music-platform-backend/node_modules/express/lib/application.js:635:24)\n' +
    '    at Object.<anonymous> (/Users/adrianfalcusan/Projects/AF-Works/music-platform-backend/index.js:133:5)\n' +
    '    at Module._compile (node:internal/modules/cjs/loader:1375:14)\n' +
    '    at Module._extensions..js (node:internal/modules/cjs/loader:1434:10)\n' +
    '    at Module.load (node:internal/modules/cjs/loader:1206:32)\n' +
    '    at Module._load (node:internal/modules/cjs/loader:1022:12)\n' +
    '    at Function.executeUserEntryPoint [as runMain] (node:internal/modules/run_main:142:12)',
  stack: 'Error: listen EADDRINUSE: address already in use :::8080\n' +
    '    at Server.setupListenHandle [as _listen2] (node:net:1872:16)\n' +
    '    at listenInCluster (node:net:1920:12)\n' +
    '    at Server.listen (node:net:2008:7)\n' +
    '    at Function.listen (/Users/adrianfalcusan/Projects/AF-Works/music-platform-backend/node_modules/express/lib/application.js:635:24)\n' +
    '    at Object.<anonymous> (/Users/adrianfalcusan/Projects/AF-Works/music-platform-backend/index.js:133:5)\n' +
    '    at Module._compile (node:internal/modules/cjs/loader:1375:14)\n' +
    '    at Module._extensions..js (node:internal/modules/cjs/loader:1434:10)\n' +
    '    at Module.load (node:internal/modules/cjs/loader:1206:32)\n' +
    '    at Module._load (node:internal/modules/cjs/loader:1022:12)\n' +
    '    at Function.executeUserEntryPoint [as runMain] (node:internal/modules/run_main:142:12)',
  exception: true,
  date: 'Mon Sep 22 2025 23:51:18 GMT+0300 (Eastern European Summer Time)',
  process: {
    pid: 53928,
    uid: 501,
    gid: 20,
    cwd: '/Users/adrianfalcusan/Projects/AF-Works/music-platform-backend',
    execPath: '/Users/adrianfalcusan/.nvm/versions/node/v21.5.0/bin/node',
    version: 'v21.5.0',
    argv: [
      '/Users/adrianfalcusan/.nvm/versions/node/v21.5.0/bin/node',
      '/Users/adrianfalcusan/Projects/AF-Works/music-platform-backend/index.js'
    ],
    memoryUsage: {
      rss: 109002752,
      heapTotal: 61472768,
      heapUsed: 39105616,
      external: 22608767,
      arrayBuffers: 18744441
    }
  },
  os: {
    loadavg: [ 5.8369140625, 4.13330078125, 3.72265625 ],
    uptime: 16172070
  },
  trace: [
    {
      column: 16,
      file: 'node:net',
      function: 'Server.setupListenHandle [as _listen2]',
      line: 1872,
      method: 'setupListenHandle [as _listen2]',
      native: false
    },
    {
      column: 12,
      file: 'node:net',
      function: 'listenInCluster',
      line: 1920,
      method: null,
      native: false
    },
    {
      column: 7,
      file: 'node:net',
      function: 'Server.listen',
      line: 2008,
      method: 'listen',
      native: false
    },
    {
      column: 24,
      file: '/Users/adrianfalcusan/Projects/AF-Works/music-platform-backend/node_modules/express/lib/application.js',
      function: 'Function.listen',
      line: 635,
      method: 'listen',
      native: false
    },
    {
      column: 5,
      file: '/Users/adrianfalcusan/Projects/AF-Works/music-platform-backend/index.js',
      function: null,
      line: 133,
      method: null,
      native: false
    },
    {
      column: 14,
      file: 'node:internal/modules/cjs/loader',
      function: 'Module._compile',
      line: 1375,
      method: '_compile',
      native: false
    },
    {
      column: 10,
      file: 'node:internal/modules/cjs/loader',
      function: 'Module._extensions..js',
      line: 1434,
      method: '.js',
      native: false
    },
    {
      column: 32,
      file: 'node:internal/modules/cjs/loader',
      function: 'Module.load',
      line: 1206,
      method: 'load',
      native: false
    },
    {
      column: 12,
      file: 'node:internal/modules/cjs/loader',
      function: 'Module._load',
      line: 1022,
      method: '_load',
      native: false
    },
    {
      column: 12,
      file: 'node:internal/modules/run_main',
      function: 'Function.executeUserEntryPoint [as runMain]',
      line: 142,
      method: 'executeUserEntryPoint [as runMain]',
      native: false
    }
  ],
  timestamp: '2025-09-22 23:51:18'
}
{
  error: Error: listen EADDRINUSE: address already in use :::8080
      at Server.setupListenHandle [as _listen2] (node:net:1872:16)
      at listenInCluster (node:net:1920:12)
      at Server.listen (node:net:2008:7)
      at Function.listen (/Users/adrianfalcusan/Projects/AF-Works/music-platform-backend/node_modules/express/lib/application.js:635:24)
      at Object.<anonymous> (/Users/adrianfalcusan/Projects/AF-Works/music-platform-backend/index.js:133:5)
      at Module._compile (node:internal/modules/cjs/loader:1375:14)
      at Module._extensions..js (node:internal/modules/cjs/loader:1434:10)
      at Module.load (node:internal/modules/cjs/loader:1206:32)
      at Module._load (node:internal/modules/cjs/loader:1022:12)
      at Function.executeUserEntryPoint [as runMain] (node:internal/modules/run_main:142:12) {
    code: 'EADDRINUSE',
    errno: -48,
    syscall: 'listen',
    address: '::',
    port: 8080
  },
  level: 'error',
  message: 'uncaughtException: listen EADDRINUSE: address already in use :::8080\n' +
    'Error: listen EADDRINUSE: address already in use :::8080\n' +
    '    at Server.setupListenHandle [as _listen2] (node:net:1872:16)\n' +
    '    at listenInCluster (node:net:1920:12)\n' +
    '    at Server.listen (node:net:2008:7)\n' +
    '    at Function.listen (/Users/adrianfalcusan/Projects/AF-Works/music-platform-backend/node_modules/express/lib/application.js:635:24)\n' +
    '    at Object.<anonymous> (/Users/adrianfalcusan/Projects/AF-Works/music-platform-backend/index.js:133:5)\n' +
    '    at Module._compile (node:internal/modules/cjs/loader:1375:14)\n' +
    '    at Module._extensions..js (node:internal/modules/cjs/loader:1434:10)\n' +
    '    at Module.load (node:internal/modules/cjs/loader:1206:32)\n' +
    '    at Module._load (node:internal/modules/cjs/loader:1022:12)\n' +
    '    at Function.executeUserEntryPoint [as runMain] (node:internal/modules/run_main:142:12)',
  stack: 'Error: listen EADDRINUSE: address already in use :::8080\n' +
    '    at Server.setupListenHandle [as _listen2] (node:net:1872:16)\n' +
    '    at listenInCluster (node:net:1920:12)\n' +
    '    at Server.listen (node:net:2008:7)\n' +
    '    at Function.listen (/Users/adrianfalcusan/Projects/AF-Works/music-platform-backend/node_modules/express/lib/application.js:635:24)\n' +
    '    at Object.<anonymous> (/Users/adrianfalcusan/Projects/AF-Works/music-platform-backend/index.js:133:5)\n' +
    '    at Module._compile (node:internal/modules/cjs/loader:1375:14)\n' +
    '    at Module._extensions..js (node:internal/modules/cjs/loader:1434:10)\n' +
    '    at Module.load (node:internal/modules/cjs/loader:1206:32)\n' +
    '    at Module._load (node:internal/modules/cjs/loader:1022:12)\n' +
    '    at Function.executeUserEntryPoint [as runMain] (node:internal/modules/run_main:142:12)',
  exception: true,
  date: 'Mon Sep 22 2025 23:52:29 GMT+0300 (Eastern European Summer Time)',
  process: {
    pid: 54001,
    uid: 501,
    gid: 20,
    cwd: '/Users/adrianfalcusan/Projects/AF-Works/music-platform-backend',
    execPath: '/Users/adrianfalcusan/.nvm/versions/node/v21.5.0/bin/node',
    version: 'v21.5.0',
    argv: [
      '/Users/adrianfalcusan/.nvm/versions/node/v21.5.0/bin/node',
      '/Users/adrianfalcusan/Projects/AF-Works/music-platform-backend/index.js'
    ],
    memoryUsage: {
      rss: 107610112,
      heapTotal: 61472768,
      heapUsed: 39152712,
      external: 22182775,
      arrayBuffers: 18318449
    }
  },
  os: {
    loadavg: [ 6.47900390625, 4.81591796875, 4.01806640625 ],
    uptime: 16172141
  },
  trace: [
    {
      column: 16,
      file: 'node:net',
      function: 'Server.setupListenHandle [as _listen2]',
      line: 1872,
      method: 'setupListenHandle [as _listen2]',
      native: false
    },
    {
      column: 12,
      file: 'node:net',
      function: 'listenInCluster',
      line: 1920,
      method: null,
      native: false
    },
    {
      column: 7,
      file: 'node:net',
      function: 'Server.listen',
      line: 2008,
      method: 'listen',
      native: false
    },
    {
      column: 24,
      file: '/Users/adrianfalcusan/Projects/AF-Works/music-platform-backend/node_modules/express/lib/application.js',
      function: 'Function.listen',
      line: 635,
      method: 'listen',
      native: false
    },
    {
      column: 5,
      file: '/Users/adrianfalcusan/Projects/AF-Works/music-platform-backend/index.js',
      function: null,
      line: 133,
      method: null,
      native: false
    },
    {
      column: 14,
      file: 'node:internal/modules/cjs/loader',
      function: 'Module._compile',
      line: 1375,
      method: '_compile',
      native: false
    },
    {
      column: 10,
      file: 'node:internal/modules/cjs/loader',
      function: 'Module._extensions..js',
      line: 1434,
      method: '.js',
      native: false
    },
    {
      column: 32,
      file: 'node:internal/modules/cjs/loader',
      function: 'Module.load',
      line: 1206,
      method: 'load',
      native: false
    },
    {
      column: 12,
      file: 'node:internal/modules/cjs/loader',
      function: 'Module._load',
      line: 1022,
      method: '_load',
      native: false
    },
    {
      column: 12,
      file: 'node:internal/modules/run_main',
      function: 'Function.executeUserEntryPoint [as runMain]',
      line: 142,
      method: 'executeUserEntryPoint [as runMain]',
      native: false
    }
  ],
  timestamp: '2025-09-22 23:52:29'
}
